2025-05-21 09:37:54,965 - INFO - Processing match id: 00e7fec9-cee0-430f-80f4-6b50443ceacd with 28 rounds.
2025-05-21 09:37:54,965 - INFO - Loading tactic labels from /Users/home/Desktop/University/MOD12/git/research-project/research_project/tactic_labels/de_dust2/00e7fec9-cee0-430f-80f4-6b50443ceacd.json.
2025-05-21 09:37:54,966 - INFO - Converting round 0 to file /Users/home/Desktop/University/MOD12/git/research-project/research_project/src/../graphs/00e7fec9-cee0-430f-80f4-6b50443ceacd/graph-rounds-0.pkl.
2025-05-21 09:38:02,540 - WARNING - Could not find closest bombsite distances for at least one node.
2025-05-21 09:38:02,540 - WARNING - Could not find closest bombsite distances for at least one node.
2025-05-21 09:38:22,849 - WARNING - Could not find closest bombsite distances for at least one node.
2025-05-21 09:38:22,849 - WARNING - Could not find closest bombsite distances for at least one node.
2025-05-21 09:38:24,308 - WARNING - Could not find closest bombsite distances for at least one node.
2025-05-21 09:38:24,308 - WARNING - Could not find closest bombsite distances for at least one node.
2025-05-21 09:38:25,866 - WARNING - Could not find closest bombsite distances for at least one node.
2025-05-21 09:38:25,866 - WARNING - Could not find closest bombsite distances for at least one node.
2025-05-21 09:38:27,719 - WARNING - Could not find closest bombsite distances for at least one node.
2025-05-21 09:38:27,719 - WARNING - Could not find closest bombsite distances for at least one node.
2025-05-21 09:38:27,719 - WARNING - Could not find closest bombsite distances for at least one node.
2025-05-21 09:38:27,719 - WARNING - Could not find closest bombsite distances for at least one node.
2025-05-21 09:38:29,196 - WARNING - Could not find closest bombsite distances for at least one node.
2025-05-21 09:38:29,196 - WARNING - Could not find closest bombsite distances for at least one node.
2025-05-21 09:38:30,599 - WARNING - Could not find closest bombsite distances for at least one node.
2025-05-21 09:38:30,599 - WARNING - Could not find closest bombsite distances for at least one node.
2025-05-21 09:38:32,005 - WARNING - Could not find closest bombsite distances for at least one node.
2025-05-21 09:38:32,005 - WARNING - Could not find closest bombsite distances for at least one node.
2025-05-21 09:38:33,382 - WARNING - Could not find closest bombsite distances for at least one node.
2025-05-21 09:38:33,382 - WARNING - Could not find closest bombsite distances for at least one node.
2025-05-21 09:38:34,791 - WARNING - Could not find closest bombsite distances for at least one node.
2025-05-21 09:38:34,791 - WARNING - Could not find closest bombsite distances for at least one node.
2025-05-21 09:38:36,224 - WARNING - Could not find closest bombsite distances for at least one node.
2025-05-21 09:38:36,224 - WARNING - Could not find closest bombsite distances for at least one node.
2025-05-21 09:38:38,009 - WARNING - Could not find closest bombsite distances for at least one node.
2025-05-21 09:38:38,009 - WARNING - Could not find closest bombsite distances for at least one node.
2025-05-21 09:38:38,009 - WARNING - Could not find closest bombsite distances for at least one node.
2025-05-21 09:38:38,009 - WARNING - Could not find closest bombsite distances for at least one node.
2025-05-21 09:38:39,397 - WARNING - Could not find closest bombsite distances for at least one node.
2025-05-21 09:38:39,397 - WARNING - Could not find closest bombsite distances for at least one node.
2025-05-21 09:38:41,845 - WARNING - Could not find closest bombsite distances for at least one node.
2025-05-21 09:38:41,845 - WARNING - Could not find closest bombsite distances for at least one node.
2025-05-21 09:38:43,248 - WARNING - Could not find closest bombsite distances for at least one node.
2025-05-21 09:38:43,248 - WARNING - Could not find closest bombsite distances for at least one node.
2025-05-21 09:38:44,666 - WARNING - Could not find closest bombsite distances for at least one node.
2025-05-21 09:38:44,666 - WARNING - Could not find closest bombsite distances for at least one node.
2025-05-21 09:38:46,043 - WARNING - Could not find closest bombsite distances for at least one node.
2025-05-21 09:38:46,043 - WARNING - Could not find closest bombsite distances for at least one node.
2025-05-21 09:38:47,511 - WARNING - Could not find closest bombsite distances for at least one node.
2025-05-21 09:38:47,511 - WARNING - Could not find closest bombsite distances for at least one node.
2025-05-21 09:38:49,354 - WARNING - Could not find closest bombsite distances for at least one node.
2025-05-21 09:38:49,355 - WARNING - Could not find closest bombsite distances for at least one node.
2025-05-21 09:38:49,355 - WARNING - Could not find closest bombsite distances for at least one node.
2025-05-21 09:38:49,355 - WARNING - Could not find closest bombsite distances for at least one node.
2025-05-21 09:38:50,819 - WARNING - Could not find closest bombsite distances for at least one node.
2025-05-21 09:38:50,819 - WARNING - Could not find closest bombsite distances for at least one node.
2025-05-21 09:38:52,585 - WARNING - Could not find closest bombsite distances for at least one node.
2025-05-21 09:38:52,585 - WARNING - Could not find closest bombsite distances for at least one node.
2025-05-21 09:38:54,183 - WARNING - Could not find closest bombsite distances for at least one node.
2025-05-21 09:38:54,184 - WARNING - Could not find closest bombsite distances for at least one node.
2025-05-21 09:38:56,009 - WARNING - Could not find closest bombsite distances for at least one node.
2025-05-21 09:38:56,009 - WARNING - Could not find closest bombsite distances for at least one node.
2025-05-21 09:38:57,577 - WARNING - Could not find closest bombsite distances for at least one node.
2025-05-21 09:38:57,577 - WARNING - Could not find closest bombsite distances for at least one node.
2025-05-21 09:38:59,130 - WARNING - Could not find closest bombsite distances for at least one node.
2025-05-21 09:38:59,131 - WARNING - Could not find closest bombsite distances for at least one node.
2025-05-21 09:39:00,630 - WARNING - Could not find closest bombsite distances for at least one node.
2025-05-21 09:39:00,630 - WARNING - Could not find closest bombsite distances for at least one node.
2025-05-21 09:39:02,563 - WARNING - Could not find closest bombsite distances for at least one node.
2025-05-21 09:39:02,563 - WARNING - Could not find closest bombsite distances for at least one node.
2025-05-21 09:39:04,106 - WARNING - Could not find closest bombsite distances for at least one node.
2025-05-21 09:39:04,106 - WARNING - Could not find closest bombsite distances for at least one node.
2025-05-21 09:39:05,601 - WARNING - Could not find closest bombsite distances for at least one node.
2025-05-21 09:39:05,602 - WARNING - Could not find closest bombsite distances for at least one node.
2025-05-21 09:39:07,200 - WARNING - Could not find closest bombsite distances for at least one node.
2025-05-21 09:39:07,200 - WARNING - Could not find closest bombsite distances for at least one node.
2025-05-21 09:39:08,675 - WARNING - Could not find closest bombsite distances for at least one node.
2025-05-21 09:39:08,675 - WARNING - Could not find closest bombsite distances for at least one node.
2025-05-21 09:39:10,275 - WARNING - Could not find closest bombsite distances for at least one node.
2025-05-21 09:39:10,275 - WARNING - Could not find closest bombsite distances for at least one node.
2025-05-21 09:39:11,861 - WARNING - Could not find closest bombsite distances for at least one node.
2025-05-21 09:39:11,861 - WARNING - Could not find closest bombsite distances for at least one node.
2025-05-21 09:39:13,353 - WARNING - Could not find closest bombsite distances for at least one node.
2025-05-21 09:39:13,353 - WARNING - Could not find closest bombsite distances for at least one node.
2025-05-21 09:39:14,855 - WARNING - Could not find closest bombsite distances for at least one node.
2025-05-21 09:39:14,855 - WARNING - Could not find closest bombsite distances for at least one node.
2025-05-21 09:39:16,393 - WARNING - Could not find closest bombsite distances for at least one node.
2025-05-21 09:39:16,393 - WARNING - Could not find closest bombsite distances for at least one node.
2025-05-21 09:39:18,064 - WARNING - Could not find closest bombsite distances for at least one node.
2025-05-21 09:39:18,065 - WARNING - Could not find closest bombsite distances for at least one node.
2025-05-21 09:39:26,850 - WARNING - Could not find closest bombsite distances for at least one node.
2025-05-21 09:39:26,850 - WARNING - Could not find closest bombsite distances for at least one node.
2025-05-21 09:39:28,295 - WARNING - Could not find closest bombsite distances for at least one node.
2025-05-21 09:39:28,295 - WARNING - Could not find closest bombsite distances for at least one node.
2025-05-21 09:39:29,639 - WARNING - Could not find closest bombsite distances for at least one node.
2025-05-21 09:39:29,639 - WARNING - Could not find closest bombsite distances for at least one node.
2025-05-21 09:39:30,960 - WARNING - Could not find closest bombsite distances for at least one node.
2025-05-21 09:39:30,960 - WARNING - Could not find closest bombsite distances for at least one node.
2025-05-21 09:39:32,274 - WARNING - Could not find closest bombsite distances for at least one node.
2025-05-21 09:39:32,274 - WARNING - Could not find closest bombsite distances for at least one node.
2025-05-21 09:39:33,571 - WARNING - Could not find closest bombsite distances for at least one node.
2025-05-21 09:39:33,571 - WARNING - Could not find closest bombsite distances for at least one node.
2025-05-21 09:39:34,859 - WARNING - Could not find closest bombsite distances for at least one node.
2025-05-21 09:39:34,859 - WARNING - Could not find closest bombsite distances for at least one node.
2025-05-21 09:39:36,131 - WARNING - Could not find closest bombsite distances for at least one node.
2025-05-21 09:39:36,132 - WARNING - Could not find closest bombsite distances for at least one node.
2025-05-21 09:39:37,426 - WARNING - Could not find closest bombsite distances for at least one node.
2025-05-21 09:39:37,426 - WARNING - Could not find closest bombsite distances for at least one node.
2025-05-21 09:39:38,717 - WARNING - Could not find closest bombsite distances for at least one node.
2025-05-21 09:39:38,717 - WARNING - Could not find closest bombsite distances for at least one node.
2025-05-21 09:39:40,007 - WARNING - Could not find closest bombsite distances for at least one node.
2025-05-21 09:39:40,007 - WARNING - Could not find closest bombsite distances for at least one node.
2025-05-21 09:39:41,290 - WARNING - Could not find closest bombsite distances for at least one node.
2025-05-21 09:39:41,290 - WARNING - Could not find closest bombsite distances for at least one node.
2025-05-21 09:41:01,991 - WARNING - Could not find closest bombsite distances for at least one node.
2025-05-21 09:41:01,992 - WARNING - Could not find closest bombsite distances for at least one node.
2025-05-21 09:41:03,384 - WARNING - Could not find closest bombsite distances for at least one node.
2025-05-21 09:41:03,384 - WARNING - Could not find closest bombsite distances for at least one node.
2025-05-21 09:41:04,769 - WARNING - Could not find closest bombsite distances for at least one node.
2025-05-21 09:41:04,769 - WARNING - Could not find closest bombsite distances for at least one node.
2025-05-21 09:41:08,025 - WARNING - Could not find closest bombsite distances for at least one node.
2025-05-21 09:41:08,026 - WARNING - Could not find closest bombsite distances for at least one node.
2025-05-21 09:41:09,472 - WARNING - Could not find closest bombsite distances for at least one node.
2025-05-21 09:41:09,472 - WARNING - Could not find closest bombsite distances for at least one node.
2025-05-21 09:41:10,958 - WARNING - Could not find closest bombsite distances for at least one node.
2025-05-21 09:41:10,958 - WARNING - Could not find closest bombsite distances for at least one node.
2025-05-21 09:41:12,959 - WARNING - Could not find closest bombsite distances for at least one node.
2025-05-21 09:41:12,960 - WARNING - Could not find closest bombsite distances for at least one node.
2025-05-21 09:41:12,960 - WARNING - Could not find closest bombsite distances for at least one node.
2025-05-21 09:41:12,960 - WARNING - Could not find closest bombsite distances for at least one node.
2025-05-21 09:41:14,435 - WARNING - Could not find closest bombsite distances for at least one node.
2025-05-21 09:41:14,435 - WARNING - Could not find closest bombsite distances for at least one node.
2025-05-21 09:41:15,821 - WARNING - Could not find closest bombsite distances for at least one node.
2025-05-21 09:41:15,821 - WARNING - Could not find closest bombsite distances for at least one node.
2025-05-21 09:41:17,358 - WARNING - Could not find closest bombsite distances for at least one node.
2025-05-21 09:41:17,358 - WARNING - Could not find closest bombsite distances for at least one node.
2025-05-21 09:41:17,414 - INFO - 154 graphs written to file.
2025-05-21 09:41:17,414 - INFO - Converting round 1 to file /Users/home/Desktop/University/MOD12/git/research-project/research_project/src/../graphs/00e7fec9-cee0-430f-80f4-6b50443ceacd/graph-rounds-1.pkl.
2025-05-21 09:41:21,989 - WARNING - Could not find closest bombsite distances for at least one node.
2025-05-21 09:41:21,989 - WARNING - Could not find closest bombsite distances for at least one node.
2025-05-21 09:41:24,061 - WARNING - Could not find closest bombsite distances for at least one node.
2025-05-21 09:41:24,062 - WARNING - Could not find closest bombsite distances for at least one node.
2025-05-21 09:41:26,515 - WARNING - Could not find closest bombsite distances for at least one node.
2025-05-21 09:41:26,515 - WARNING - Could not find closest bombsite distances for at least one node.
2025-05-21 09:41:32,866 - WARNING - Could not find closest bombsite distances for at least one node.
2025-05-21 09:41:32,868 - WARNING - Could not find closest bombsite distances for at least one node.
2025-05-21 09:41:50,046 - WARNING - Could not find closest bombsite distances for at least one node.
2025-05-21 09:41:50,046 - WARNING - Could not find closest bombsite distances for at least one node.
2025-05-21 09:41:51,911 - WARNING - Could not find closest bombsite distances for at least one node.
2025-05-21 09:41:51,911 - WARNING - Could not find closest bombsite distances for at least one node.
2025-05-21 09:41:53,791 - WARNING - Could not find closest bombsite distances for at least one node.
2025-05-21 09:41:53,791 - WARNING - Could not find closest bombsite distances for at least one node.
2025-05-21 09:41:55,541 - WARNING - Could not find closest bombsite distances for at least one node.
2025-05-21 09:41:55,541 - WARNING - Could not find closest bombsite distances for at least one node.
2025-05-21 09:41:57,280 - WARNING - Could not find closest bombsite distances for at least one node.
2025-05-21 09:41:57,280 - WARNING - Could not find closest bombsite distances for at least one node.
2025-05-21 09:41:59,017 - WARNING - Could not find closest bombsite distances for at least one node.
2025-05-21 09:41:59,017 - WARNING - Could not find closest bombsite distances for at least one node.
2025-05-21 09:42:00,896 - WARNING - Could not find closest bombsite distances for at least one node.
2025-05-21 09:42:00,896 - WARNING - Could not find closest bombsite distances for at least one node.
2025-05-21 09:42:02,735 - WARNING - Could not find closest bombsite distances for at least one node.
2025-05-21 09:42:02,735 - WARNING - Could not find closest bombsite distances for at least one node.
2025-05-21 09:42:04,459 - WARNING - Could not find closest bombsite distances for at least one node.
2025-05-21 09:42:04,459 - WARNING - Could not find closest bombsite distances for at least one node.
2025-05-21 09:42:07,052 - WARNING - Could not find closest bombsite distances for at least one node.
2025-05-21 09:42:07,053 - WARNING - Could not find closest bombsite distances for at least one node.
2025-05-21 09:42:07,053 - WARNING - Could not find closest bombsite distances for at least one node.
2025-05-21 09:42:07,053 - WARNING - Could not find closest bombsite distances for at least one node.
2025-05-21 09:42:07,053 - WARNING - Could not find closest bombsite distances for at least one node.
2025-05-21 09:42:07,053 - WARNING - Could not find closest bombsite distances for at least one node.
2025-05-21 09:42:09,579 - WARNING - Could not find closest bombsite distances for at least one node.
2025-05-21 09:42:09,579 - WARNING - Could not find closest bombsite distances for at least one node.
2025-05-21 09:42:09,579 - WARNING - Could not find closest bombsite distances for at least one node.
2025-05-21 09:42:09,579 - WARNING - Could not find closest bombsite distances for at least one node.
2025-05-21 09:42:09,579 - WARNING - Could not find closest bombsite distances for at least one node.
2025-05-21 09:42:09,579 - WARNING - Could not find closest bombsite distances for at least one node.
2025-05-21 09:42:12,097 - WARNING - Could not find closest bombsite distances for at least one node.
2025-05-21 09:42:12,097 - WARNING - Could not find closest bombsite distances for at least one node.
2025-05-21 09:42:12,097 - WARNING - Could not find closest bombsite distances for at least one node.
2025-05-21 09:42:12,097 - WARNING - Could not find closest bombsite distances for at least one node.
2025-05-21 09:42:12,097 - WARNING - Could not find closest bombsite distances for at least one node.
2025-05-21 09:42:12,097 - WARNING - Could not find closest bombsite distances for at least one node.
2025-05-21 09:42:14,602 - WARNING - Could not find closest bombsite distances for at least one node.
2025-05-21 09:42:14,602 - WARNING - Could not find closest bombsite distances for at least one node.
2025-05-21 09:42:14,602 - WARNING - Could not find closest bombsite distances for at least one node.
2025-05-21 09:42:14,602 - WARNING - Could not find closest bombsite distances for at least one node.
2025-05-21 09:42:14,602 - WARNING - Could not find closest bombsite distances for at least one node.
2025-05-21 09:42:14,602 - WARNING - Could not find closest bombsite distances for at least one node.
2025-05-21 09:42:17,110 - WARNING - Could not find closest bombsite distances for at least one node.
2025-05-21 09:42:17,110 - WARNING - Could not find closest bombsite distances for at least one node.
2025-05-21 09:42:17,110 - WARNING - Could not find closest bombsite distances for at least one node.
2025-05-21 09:42:17,110 - WARNING - Could not find closest bombsite distances for at least one node.
2025-05-21 09:42:17,110 - WARNING - Could not find closest bombsite distances for at least one node.
2025-05-21 09:42:17,110 - WARNING - Could not find closest bombsite distances for at least one node.
2025-05-21 09:42:19,653 - WARNING - Could not find closest bombsite distances for at least one node.
2025-05-21 09:42:19,653 - WARNING - Could not find closest bombsite distances for at least one node.
2025-05-21 09:42:19,653 - WARNING - Could not find closest bombsite distances for at least one node.
2025-05-21 09:42:19,653 - WARNING - Could not find closest bombsite distances for at least one node.
2025-05-21 09:42:19,653 - WARNING - Could not find closest bombsite distances for at least one node.
2025-05-21 09:42:19,653 - WARNING - Could not find closest bombsite distances for at least one node.
2025-05-21 09:42:22,261 - WARNING - Could not find closest bombsite distances for at least one node.
2025-05-21 09:42:22,261 - WARNING - Could not find closest bombsite distances for at least one node.
2025-05-21 09:42:22,261 - WARNING - Could not find closest bombsite distances for at least one node.
2025-05-21 09:42:22,261 - WARNING - Could not find closest bombsite distances for at least one node.
2025-05-21 09:42:22,261 - WARNING - Could not find closest bombsite distances for at least one node.
2025-05-21 09:42:22,261 - WARNING - Could not find closest bombsite distances for at least one node.
2025-05-21 09:42:24,993 - WARNING - Could not find closest bombsite distances for at least one node.
2025-05-21 09:42:24,993 - WARNING - Could not find closest bombsite distances for at least one node.
2025-05-21 09:42:24,993 - WARNING - Could not find closest bombsite distances for at least one node.
2025-05-21 09:42:24,993 - WARNING - Could not find closest bombsite distances for at least one node.
2025-05-21 09:42:24,993 - WARNING - Could not find closest bombsite distances for at least one node.
2025-05-21 09:42:24,993 - WARNING - Could not find closest bombsite distances for at least one node.
2025-05-21 09:42:27,720 - WARNING - Could not find closest bombsite distances for at least one node.
2025-05-21 09:42:27,720 - WARNING - Could not find closest bombsite distances for at least one node.
2025-05-21 09:42:27,721 - WARNING - Could not find closest bombsite distances for at least one node.
2025-05-21 09:42:27,721 - WARNING - Could not find closest bombsite distances for at least one node.
2025-05-21 09:42:27,721 - WARNING - Could not find closest bombsite distances for at least one node.
2025-05-21 09:42:27,721 - WARNING - Could not find closest bombsite distances for at least one node.
2025-05-21 09:42:30,354 - WARNING - Could not find closest bombsite distances for at least one node.
2025-05-21 09:42:30,354 - WARNING - Could not find closest bombsite distances for at least one node.
2025-05-21 09:42:30,354 - WARNING - Could not find closest bombsite distances for at least one node.
2025-05-21 09:42:30,354 - WARNING - Could not find closest bombsite distances for at least one node.
2025-05-21 09:42:30,354 - WARNING - Could not find closest bombsite distances for at least one node.
2025-05-21 09:42:30,354 - WARNING - Could not find closest bombsite distances for at least one node.
2025-05-21 09:42:33,144 - WARNING - Could not find closest bombsite distances for at least one node.
2025-05-21 09:42:33,145 - WARNING - Could not find closest bombsite distances for at least one node.
2025-05-21 09:42:33,145 - WARNING - Could not find closest bombsite distances for at least one node.
2025-05-21 09:42:33,145 - WARNING - Could not find closest bombsite distances for at least one node.
2025-05-21 09:42:33,145 - WARNING - Could not find closest bombsite distances for at least one node.
2025-05-21 09:42:33,145 - WARNING - Could not find closest bombsite distances for at least one node.
2025-05-21 09:42:35,679 - WARNING - Could not find closest bombsite distances for at least one node.
2025-05-21 09:42:35,679 - WARNING - Could not find closest bombsite distances for at least one node.
2025-05-21 09:42:35,680 - WARNING - Could not find closest bombsite distances for at least one node.
2025-05-21 09:42:35,680 - WARNING - Could not find closest bombsite distances for at least one node.
2025-05-21 09:42:35,680 - WARNING - Could not find closest bombsite distances for at least one node.
2025-05-21 09:42:35,680 - WARNING - Could not find closest bombsite distances for at least one node.
2025-05-21 09:42:38,221 - WARNING - Could not find closest bombsite distances for at least one node.
2025-05-21 09:42:38,221 - WARNING - Could not find closest bombsite distances for at least one node.
2025-05-21 09:42:38,221 - WARNING - Could not find closest bombsite distances for at least one node.
2025-05-21 09:42:38,221 - WARNING - Could not find closest bombsite distances for at least one node.
2025-05-21 09:42:38,221 - WARNING - Could not find closest bombsite distances for at least one node.
2025-05-21 09:42:38,221 - WARNING - Could not find closest bombsite distances for at least one node.
2025-05-21 09:42:40,784 - WARNING - Could not find closest bombsite distances for at least one node.
2025-05-21 09:42:40,784 - WARNING - Could not find closest bombsite distances for at least one node.
2025-05-21 09:42:40,784 - WARNING - Could not find closest bombsite distances for at least one node.
2025-05-21 09:42:40,784 - WARNING - Could not find closest bombsite distances for at least one node.
2025-05-21 09:42:40,784 - WARNING - Could not find closest bombsite distances for at least one node.
2025-05-21 09:42:40,784 - WARNING - Could not find closest bombsite distances for at least one node.
2025-05-21 09:42:43,269 - WARNING - Could not find closest bombsite distances for at least one node.
2025-05-21 09:42:43,269 - WARNING - Could not find closest bombsite distances for at least one node.
2025-05-21 09:42:43,269 - WARNING - Could not find closest bombsite distances for at least one node.
2025-05-21 09:42:43,269 - WARNING - Could not find closest bombsite distances for at least one node.
2025-05-21 09:42:43,269 - WARNING - Could not find closest bombsite distances for at least one node.
2025-05-21 09:42:43,269 - WARNING - Could not find closest bombsite distances for at least one node.
2025-05-21 09:42:45,018 - WARNING - Could not find closest bombsite distances for at least one node.
2025-05-21 09:42:45,018 - WARNING - Could not find closest bombsite distances for at least one node.
2025-05-21 09:42:46,768 - WARNING - Could not find closest bombsite distances for at least one node.
2025-05-21 09:42:46,769 - WARNING - Could not find closest bombsite distances for at least one node.
2025-05-21 09:42:48,664 - WARNING - Could not find closest bombsite distances for at least one node.
2025-05-21 09:42:48,664 - WARNING - Could not find closest bombsite distances for at least one node.
2025-05-21 09:42:50,425 - WARNING - Could not find closest bombsite distances for at least one node.
2025-05-21 09:42:50,425 - WARNING - Could not find closest bombsite distances for at least one node.
2025-05-21 09:42:52,169 - WARNING - Could not find closest bombsite distances for at least one node.
2025-05-21 09:42:52,169 - WARNING - Could not find closest bombsite distances for at least one node.
2025-05-21 09:42:53,946 - WARNING - Could not find closest bombsite distances for at least one node.
2025-05-21 09:42:53,946 - WARNING - Could not find closest bombsite distances for at least one node.
2025-05-21 09:44:14,608 - WARNING - Could not find closest bombsite distances for at least one node.
2025-05-21 09:44:14,609 - WARNING - Could not find closest bombsite distances for at least one node.
2025-05-21 09:44:14,609 - WARNING - Could not find closest bombsite distances for at least one node.
2025-05-21 09:44:14,609 - WARNING - Could not find closest bombsite distances for at least one node.
2025-05-21 09:44:17,151 - WARNING - Could not find closest bombsite distances for at least one node.
2025-05-21 09:44:17,152 - WARNING - Could not find closest bombsite distances for at least one node.
2025-05-21 09:44:17,152 - WARNING - Could not find closest bombsite distances for at least one node.
2025-05-21 09:44:17,152 - WARNING - Could not find closest bombsite distances for at least one node.
2025-05-21 09:44:19,517 - WARNING - Could not find closest bombsite distances for at least one node.
2025-05-21 09:44:19,517 - WARNING - Could not find closest bombsite distances for at least one node.
2025-05-21 09:44:19,517 - WARNING - Could not find closest bombsite distances for at least one node.
2025-05-21 09:44:19,517 - WARNING - Could not find closest bombsite distances for at least one node.
2025-05-21 09:44:21,762 - WARNING - Could not find closest bombsite distances for at least one node.
2025-05-21 09:44:21,762 - WARNING - Could not find closest bombsite distances for at least one node.
2025-05-21 09:44:21,762 - WARNING - Could not find closest bombsite distances for at least one node.
2025-05-21 09:44:21,762 - WARNING - Could not find closest bombsite distances for at least one node.
2025-05-21 09:44:23,986 - WARNING - Could not find closest bombsite distances for at least one node.
2025-05-21 09:44:23,986 - WARNING - Could not find closest bombsite distances for at least one node.
2025-05-21 09:44:23,986 - WARNING - Could not find closest bombsite distances for at least one node.
2025-05-21 09:44:23,986 - WARNING - Could not find closest bombsite distances for at least one node.
2025-05-21 09:44:26,220 - WARNING - Could not find closest bombsite distances for at least one node.
2025-05-21 09:44:26,220 - WARNING - Could not find closest bombsite distances for at least one node.
2025-05-21 09:44:26,220 - WARNING - Could not find closest bombsite distances for at least one node.
2025-05-21 09:44:26,220 - WARNING - Could not find closest bombsite distances for at least one node.
2025-05-21 09:46:12,880 - INFO - 210 graphs written to file.
2025-05-21 09:46:12,880 - INFO - Converting round 2 to file /Users/home/Desktop/University/MOD12/git/research-project/research_project/src/../graphs/00e7fec9-cee0-430f-80f4-6b50443ceacd/graph-rounds-2.pkl.
2025-05-21 09:46:17,311 - WARNING - Could not find closest bombsite distances for at least one node.
2025-05-21 09:46:17,312 - WARNING - Could not find closest bombsite distances for at least one node.
2025-05-21 09:46:19,363 - WARNING - Could not find closest bombsite distances for at least one node.
2025-05-21 09:46:19,363 - WARNING - Could not find closest bombsite distances for at least one node.
2025-05-21 09:46:21,415 - WARNING - Could not find closest bombsite distances for at least one node.
2025-05-21 09:46:21,416 - WARNING - Could not find closest bombsite distances for at least one node.
2025-05-21 09:46:36,175 - WARNING - Could not find closest bombsite distances for at least one node.
2025-05-21 09:46:36,175 - WARNING - Could not find closest bombsite distances for at least one node.
2025-05-21 09:46:38,951 - WARNING - Could not find closest bombsite distances for at least one node.
2025-05-21 09:46:38,952 - WARNING - Could not find closest bombsite distances for at least one node.
2025-05-21 09:49:07,938 - WARNING - Could not find closest bombsite distances for at least one node.
2025-05-21 09:49:07,940 - WARNING - Could not find closest bombsite distances for at least one node.
2025-05-21 09:49:10,117 - WARNING - Could not find closest bombsite distances for at least one node.
2025-05-21 09:49:10,117 - WARNING - Could not find closest bombsite distances for at least one node.
2025-05-21 09:49:49,494 - WARNING - Could not find closest bombsite distances for at least one node.
2025-05-21 09:49:49,495 - WARNING - Could not find closest bombsite distances for at least one node.
2025-05-21 09:49:49,496 - WARNING - Could not find closest bombsite distances for at least one node.
2025-05-21 09:49:49,496 - WARNING - Could not find closest bombsite distances for at least one node.
2025-05-21 09:49:58,284 - WARNING - Could not find closest bombsite distances for at least one node.
2025-05-21 09:49:58,284 - WARNING - Could not find closest bombsite distances for at least one node.
2025-05-21 09:50:00,226 - WARNING - Could not find closest bombsite distances for at least one node.
2025-05-21 09:50:00,226 - WARNING - Could not find closest bombsite distances for at least one node.
2025-05-21 09:50:02,240 - WARNING - Could not find closest bombsite distances for at least one node.
2025-05-21 09:50:02,240 - WARNING - Could not find closest bombsite distances for at least one node.
2025-05-21 09:51:20,490 - INFO - 213 graphs written to file.
2025-05-21 09:51:20,490 - INFO - Converting round 3 to file /Users/home/Desktop/University/MOD12/git/research-project/research_project/src/../graphs/00e7fec9-cee0-430f-80f4-6b50443ceacd/graph-rounds-3.pkl.
2025-05-21 09:51:31,135 - WARNING - Could not find closest bombsite distances for at least one node.
2025-05-21 09:51:31,135 - WARNING - Could not find closest bombsite distances for at least one node.
2025-05-21 09:51:45,900 - WARNING - Could not find closest bombsite distances for at least one node.
2025-05-21 09:51:45,901 - WARNING - Could not find closest bombsite distances for at least one node.
2025-05-21 09:52:21,610 - WARNING - Could not find closest bombsite distances for at least one node.
2025-05-21 09:52:21,610 - WARNING - Could not find closest bombsite distances for at least one node.
2025-05-21 09:52:21,610 - WARNING - Could not find closest bombsite distances for at least one node.
2025-05-21 09:52:21,610 - WARNING - Could not find closest bombsite distances for at least one node.
2025-05-21 09:54:27,791 - INFO - 133 graphs written to file.
2025-05-21 09:54:27,791 - INFO - Converting round 4 to file /Users/home/Desktop/University/MOD12/git/research-project/research_project/src/../graphs/00e7fec9-cee0-430f-80f4-6b50443ceacd/graph-rounds-4.pkl.
2025-05-21 09:54:33,804 - WARNING - Could not find closest bombsite distances for at least one node.
2025-05-21 09:54:33,804 - WARNING - Could not find closest bombsite distances for at least one node.
2025-05-21 09:54:46,438 - WARNING - Could not find closest bombsite distances for at least one node.
2025-05-21 09:54:46,439 - WARNING - Could not find closest bombsite distances for at least one node.
2025-05-21 09:54:53,440 - WARNING - Could not find closest bombsite distances for at least one node.
2025-05-21 09:54:53,440 - WARNING - Could not find closest bombsite distances for at least one node.
2025-05-21 09:54:55,532 - WARNING - Could not find closest bombsite distances for at least one node.
2025-05-21 09:54:55,532 - WARNING - Could not find closest bombsite distances for at least one node.
2025-05-21 09:54:58,510 - WARNING - Could not find closest bombsite distances for at least one node.
2025-05-21 09:54:58,511 - WARNING - Could not find closest bombsite distances for at least one node.
2025-05-21 09:55:00,370 - WARNING - Could not find closest bombsite distances for at least one node.
2025-05-21 09:55:00,370 - WARNING - Could not find closest bombsite distances for at least one node.
2025-05-21 09:55:02,217 - WARNING - Could not find closest bombsite distances for at least one node.
2025-05-21 09:55:02,217 - WARNING - Could not find closest bombsite distances for at least one node.
2025-05-21 09:55:04,058 - WARNING - Could not find closest bombsite distances for at least one node.
2025-05-21 09:55:04,058 - WARNING - Could not find closest bombsite distances for at least one node.
2025-05-21 09:55:05,914 - WARNING - Could not find closest bombsite distances for at least one node.
2025-05-21 09:55:05,915 - WARNING - Could not find closest bombsite distances for at least one node.
2025-05-21 09:55:07,808 - WARNING - Could not find closest bombsite distances for at least one node.
2025-05-21 09:55:07,808 - WARNING - Could not find closest bombsite distances for at least one node.
2025-05-21 09:55:09,654 - WARNING - Could not find closest bombsite distances for at least one node.
2025-05-21 09:55:09,654 - WARNING - Could not find closest bombsite distances for at least one node.
2025-05-21 09:55:12,356 - WARNING - Could not find closest bombsite distances for at least one node.
2025-05-21 09:55:12,356 - WARNING - Could not find closest bombsite distances for at least one node.
2025-05-21 09:55:14,401 - WARNING - Could not find closest bombsite distances for at least one node.
2025-05-21 09:55:14,401 - WARNING - Could not find closest bombsite distances for at least one node.
2025-05-21 09:55:16,210 - WARNING - Could not find closest bombsite distances for at least one node.
2025-05-21 09:55:16,210 - WARNING - Could not find closest bombsite distances for at least one node.
2025-05-21 09:55:18,106 - WARNING - Could not find closest bombsite distances for at least one node.
2025-05-21 09:55:18,107 - WARNING - Could not find closest bombsite distances for at least one node.
2025-05-21 09:55:19,932 - WARNING - Could not find closest bombsite distances for at least one node.
2025-05-21 09:55:19,932 - WARNING - Could not find closest bombsite distances for at least one node.
2025-05-21 09:55:21,734 - WARNING - Could not find closest bombsite distances for at least one node.
2025-05-21 09:55:21,734 - WARNING - Could not find closest bombsite distances for at least one node.
2025-05-21 09:55:24,283 - WARNING - Could not find closest bombsite distances for at least one node.
2025-05-21 09:55:24,285 - WARNING - Could not find closest bombsite distances for at least one node.
2025-05-21 09:55:26,230 - WARNING - Could not find closest bombsite distances for at least one node.
2025-05-21 09:55:26,230 - WARNING - Could not find closest bombsite distances for at least one node.
2025-05-21 09:55:28,059 - WARNING - Could not find closest bombsite distances for at least one node.
2025-05-21 09:55:28,059 - WARNING - Could not find closest bombsite distances for at least one node.
2025-05-21 09:55:29,844 - WARNING - Could not find closest bombsite distances for at least one node.
2025-05-21 09:55:29,844 - WARNING - Could not find closest bombsite distances for at least one node.
2025-05-21 09:55:31,620 - WARNING - Could not find closest bombsite distances for at least one node.
2025-05-21 09:55:31,620 - WARNING - Could not find closest bombsite distances for at least one node.
2025-05-21 09:55:33,565 - WARNING - Could not find closest bombsite distances for at least one node.
2025-05-21 09:55:33,566 - WARNING - Could not find closest bombsite distances for at least one node.
2025-05-21 09:55:35,593 - WARNING - Could not find closest bombsite distances for at least one node.
2025-05-21 09:55:35,593 - WARNING - Could not find closest bombsite distances for at least one node.
2025-05-21 09:55:46,918 - WARNING - Could not find closest bombsite distances for at least one node.
2025-05-21 09:55:46,919 - WARNING - Could not find closest bombsite distances for at least one node.
2025-05-21 09:55:46,919 - WARNING - Could not find closest bombsite distances for at least one node.
2025-05-21 09:55:46,919 - WARNING - Could not find closest bombsite distances for at least one node.
2025-05-21 09:55:46,919 - WARNING - Could not find closest bombsite distances for at least one node.
2025-05-21 09:55:46,919 - WARNING - Could not find closest bombsite distances for at least one node.
2025-05-21 09:55:50,047 - WARNING - Could not find closest bombsite distances for at least one node.
2025-05-21 09:55:50,047 - WARNING - Could not find closest bombsite distances for at least one node.
2025-05-21 09:55:50,047 - WARNING - Could not find closest bombsite distances for at least one node.
2025-05-21 09:55:50,047 - WARNING - Could not find closest bombsite distances for at least one node.
2025-05-21 09:55:50,047 - WARNING - Could not find closest bombsite distances for at least one node.
2025-05-21 09:55:50,047 - WARNING - Could not find closest bombsite distances for at least one node.
2025-05-21 09:55:52,581 - WARNING - Could not find closest bombsite distances for at least one node.
2025-05-21 09:55:52,581 - WARNING - Could not find closest bombsite distances for at least one node.
2025-05-21 09:55:52,581 - WARNING - Could not find closest bombsite distances for at least one node.
2025-05-21 09:55:52,581 - WARNING - Could not find closest bombsite distances for at least one node.
2025-05-21 09:55:52,581 - WARNING - Could not find closest bombsite distances for at least one node.
2025-05-21 09:55:52,581 - WARNING - Could not find closest bombsite distances for at least one node.
2025-05-21 09:55:55,554 - WARNING - Could not find closest bombsite distances for at least one node.
2025-05-21 09:55:55,555 - WARNING - Could not find closest bombsite distances for at least one node.
2025-05-21 09:55:55,555 - WARNING - Could not find closest bombsite distances for at least one node.
2025-05-21 09:55:55,555 - WARNING - Could not find closest bombsite distances for at least one node.
2025-05-21 09:55:55,555 - WARNING - Could not find closest bombsite distances for at least one node.
2025-05-21 09:55:55,555 - WARNING - Could not find closest bombsite distances for at least one node.
2025-05-21 09:55:58,266 - WARNING - Could not find closest bombsite distances for at least one node.
2025-05-21 09:55:58,266 - WARNING - Could not find closest bombsite distances for at least one node.
2025-05-21 09:55:58,266 - WARNING - Could not find closest bombsite distances for at least one node.
2025-05-21 09:55:58,266 - WARNING - Could not find closest bombsite distances for at least one node.
2025-05-21 09:55:58,266 - WARNING - Could not find closest bombsite distances for at least one node.
2025-05-21 09:55:58,266 - WARNING - Could not find closest bombsite distances for at least one node.
2025-05-21 09:56:00,786 - WARNING - Could not find closest bombsite distances for at least one node.
2025-05-21 09:56:00,786 - WARNING - Could not find closest bombsite distances for at least one node.
2025-05-21 09:56:00,786 - WARNING - Could not find closest bombsite distances for at least one node.
2025-05-21 09:56:00,786 - WARNING - Could not find closest bombsite distances for at least one node.
2025-05-21 09:56:00,786 - WARNING - Could not find closest bombsite distances for at least one node.
2025-05-21 09:56:00,786 - WARNING - Could not find closest bombsite distances for at least one node.
2025-05-21 09:56:02,972 - WARNING - Could not find closest bombsite distances for at least one node.
2025-05-21 09:56:02,973 - WARNING - Could not find closest bombsite distances for at least one node.
2025-05-21 09:56:02,973 - WARNING - Could not find closest bombsite distances for at least one node.
2025-05-21 09:56:02,973 - WARNING - Could not find closest bombsite distances for at least one node.
2025-05-21 09:56:05,108 - WARNING - Could not find closest bombsite distances for at least one node.
2025-05-21 09:56:05,108 - WARNING - Could not find closest bombsite distances for at least one node.
2025-05-21 09:56:05,108 - WARNING - Could not find closest bombsite distances for at least one node.
2025-05-21 09:56:05,108 - WARNING - Could not find closest bombsite distances for at least one node.
2025-05-21 09:56:08,181 - WARNING - Could not find closest bombsite distances for at least one node.
2025-05-21 09:56:08,181 - WARNING - Could not find closest bombsite distances for at least one node.
2025-05-21 09:56:10,012 - WARNING - Could not find closest bombsite distances for at least one node.
2025-05-21 09:56:10,013 - WARNING - Could not find closest bombsite distances for at least one node.
2025-05-21 09:56:11,779 - WARNING - Could not find closest bombsite distances for at least one node.
2025-05-21 09:56:11,780 - WARNING - Could not find closest bombsite distances for at least one node.
2025-05-21 09:56:13,512 - WARNING - Could not find closest bombsite distances for at least one node.
2025-05-21 09:56:13,512 - WARNING - Could not find closest bombsite distances for at least one node.
2025-05-21 09:56:15,224 - WARNING - Could not find closest bombsite distances for at least one node.
2025-05-21 09:56:15,225 - WARNING - Could not find closest bombsite distances for at least one node.
2025-05-21 09:56:16,986 - WARNING - Could not find closest bombsite distances for at least one node.
2025-05-21 09:56:16,986 - WARNING - Could not find closest bombsite distances for at least one node.
2025-05-21 09:56:20,058 - WARNING - Could not find closest bombsite distances for at least one node.
2025-05-21 09:56:20,059 - WARNING - Could not find closest bombsite distances for at least one node.
2025-05-21 09:56:21,728 - WARNING - Could not find closest bombsite distances for at least one node.
2025-05-21 09:56:21,728 - WARNING - Could not find closest bombsite distances for at least one node.
2025-05-21 09:56:23,422 - WARNING - Could not find closest bombsite distances for at least one node.
2025-05-21 09:56:23,422 - WARNING - Could not find closest bombsite distances for at least one node.
2025-05-21 09:56:25,216 - WARNING - Could not find closest bombsite distances for at least one node.
2025-05-21 09:56:25,217 - WARNING - Could not find closest bombsite distances for at least one node.
2025-05-21 09:56:26,891 - WARNING - Could not find closest bombsite distances for at least one node.
2025-05-21 09:56:26,891 - WARNING - Could not find closest bombsite distances for at least one node.
2025-05-21 09:56:28,660 - WARNING - Could not find closest bombsite distances for at least one node.
2025-05-21 09:56:28,660 - WARNING - Could not find closest bombsite distances for at least one node.
2025-05-21 09:56:30,319 - WARNING - Could not find closest bombsite distances for at least one node.
2025-05-21 09:56:30,319 - WARNING - Could not find closest bombsite distances for at least one node.
2025-05-21 09:56:32,000 - WARNING - Could not find closest bombsite distances for at least one node.
2025-05-21 09:56:32,001 - WARNING - Could not find closest bombsite distances for at least one node.
2025-05-21 09:56:33,724 - WARNING - Could not find closest bombsite distances for at least one node.
2025-05-21 09:56:33,724 - WARNING - Could not find closest bombsite distances for at least one node.
2025-05-21 09:56:35,346 - WARNING - Could not find closest bombsite distances for at least one node.
2025-05-21 09:56:35,346 - WARNING - Could not find closest bombsite distances for at least one node.
2025-05-21 09:56:37,540 - WARNING - Could not find closest bombsite distances for at least one node.
2025-05-21 09:56:37,541 - WARNING - Could not find closest bombsite distances for at least one node.
2025-05-21 09:56:37,541 - WARNING - Could not find closest bombsite distances for at least one node.
2025-05-21 09:56:37,541 - WARNING - Could not find closest bombsite distances for at least one node.
2025-05-21 09:56:39,204 - WARNING - Could not find closest bombsite distances for at least one node.
2025-05-21 09:56:39,204 - WARNING - Could not find closest bombsite distances for at least one node.
2025-05-21 09:56:40,848 - WARNING - Could not find closest bombsite distances for at least one node.
2025-05-21 09:56:40,849 - WARNING - Could not find closest bombsite distances for at least one node.
2025-05-21 09:56:42,462 - WARNING - Could not find closest bombsite distances for at least one node.
2025-05-21 09:56:42,462 - WARNING - Could not find closest bombsite distances for at least one node.
2025-05-21 09:56:44,799 - WARNING - Could not find closest bombsite distances for at least one node.
2025-05-21 09:56:44,800 - WARNING - Could not find closest bombsite distances for at least one node.
2025-05-21 09:56:44,800 - WARNING - Could not find closest bombsite distances for at least one node.
2025-05-21 09:56:44,800 - WARNING - Could not find closest bombsite distances for at least one node.
2025-05-21 09:56:46,547 - WARNING - Could not find closest bombsite distances for at least one node.
2025-05-21 09:56:46,547 - WARNING - Could not find closest bombsite distances for at least one node.
2025-05-21 09:56:48,300 - WARNING - Could not find closest bombsite distances for at least one node.
2025-05-21 09:56:48,300 - WARNING - Could not find closest bombsite distances for at least one node.
2025-05-21 09:56:50,092 - WARNING - Could not find closest bombsite distances for at least one node.
2025-05-21 09:56:50,092 - WARNING - Could not find closest bombsite distances for at least one node.
2025-05-21 09:56:51,827 - WARNING - Could not find closest bombsite distances for at least one node.
2025-05-21 09:56:51,827 - WARNING - Could not find closest bombsite distances for at least one node.
2025-05-21 09:56:53,578 - WARNING - Could not find closest bombsite distances for at least one node.
2025-05-21 09:56:53,578 - WARNING - Could not find closest bombsite distances for at least one node.
2025-05-21 09:56:55,325 - WARNING - Could not find closest bombsite distances for at least one node.
2025-05-21 09:56:55,325 - WARNING - Could not find closest bombsite distances for at least one node.
2025-05-21 09:56:57,133 - WARNING - Could not find closest bombsite distances for at least one node.
2025-05-21 09:56:57,133 - WARNING - Could not find closest bombsite distances for at least one node.
2025-05-21 09:56:58,915 - WARNING - Could not find closest bombsite distances for at least one node.
2025-05-21 09:56:58,915 - WARNING - Could not find closest bombsite distances for at least one node.
2025-05-21 09:57:00,679 - WARNING - Could not find closest bombsite distances for at least one node.
2025-05-21 09:57:00,679 - WARNING - Could not find closest bombsite distances for at least one node.
2025-05-21 09:57:02,434 - WARNING - Could not find closest bombsite distances for at least one node.
2025-05-21 09:57:02,434 - WARNING - Could not find closest bombsite distances for at least one node.
2025-05-21 09:57:04,201 - WARNING - Could not find closest bombsite distances for at least one node.
2025-05-21 09:57:04,201 - WARNING - Could not find closest bombsite distances for at least one node.
2025-05-21 09:57:06,059 - WARNING - Could not find closest bombsite distances for at least one node.
2025-05-21 09:57:06,059 - WARNING - Could not find closest bombsite distances for at least one node.
2025-05-21 09:57:07,834 - WARNING - Could not find closest bombsite distances for at least one node.
2025-05-21 09:57:07,834 - WARNING - Could not find closest bombsite distances for at least one node.
2025-05-21 09:57:09,655 - WARNING - Could not find closest bombsite distances for at least one node.
2025-05-21 09:57:09,655 - WARNING - Could not find closest bombsite distances for at least one node.
2025-05-21 09:57:11,511 - WARNING - Could not find closest bombsite distances for at least one node.
2025-05-21 09:57:11,511 - WARNING - Could not find closest bombsite distances for at least one node.
2025-05-21 09:57:13,375 - WARNING - Could not find closest bombsite distances for at least one node.
2025-05-21 09:57:13,375 - WARNING - Could not find closest bombsite distances for at least one node.
2025-05-21 09:57:15,185 - WARNING - Could not find closest bombsite distances for at least one node.
2025-05-21 09:57:15,185 - WARNING - Could not find closest bombsite distances for at least one node.
2025-05-21 09:57:16,975 - WARNING - Could not find closest bombsite distances for at least one node.
2025-05-21 09:57:16,975 - WARNING - Could not find closest bombsite distances for at least one node.
2025-05-21 09:57:18,897 - WARNING - Could not find closest bombsite distances for at least one node.
2025-05-21 09:57:18,898 - WARNING - Could not find closest bombsite distances for at least one node.
2025-05-21 09:57:20,699 - WARNING - Could not find closest bombsite distances for at least one node.
2025-05-21 09:57:20,699 - WARNING - Could not find closest bombsite distances for at least one node.
2025-05-21 09:57:22,537 - WARNING - Could not find closest bombsite distances for at least one node.
2025-05-21 09:57:22,537 - WARNING - Could not find closest bombsite distances for at least one node.
2025-05-21 09:57:24,358 - WARNING - Could not find closest bombsite distances for at least one node.
2025-05-21 09:57:24,358 - WARNING - Could not find closest bombsite distances for at least one node.
2025-05-21 09:57:26,177 - WARNING - Could not find closest bombsite distances for at least one node.
2025-05-21 09:57:26,177 - WARNING - Could not find closest bombsite distances for at least one node.
2025-05-21 09:57:28,101 - WARNING - Could not find closest bombsite distances for at least one node.
2025-05-21 09:57:28,101 - WARNING - Could not find closest bombsite distances for at least one node.
2025-05-21 09:57:30,072 - WARNING - Could not find closest bombsite distances for at least one node.
2025-05-21 09:57:30,072 - WARNING - Could not find closest bombsite distances for at least one node.
2025-05-21 09:57:32,035 - WARNING - Could not find closest bombsite distances for at least one node.
2025-05-21 09:57:32,035 - WARNING - Could not find closest bombsite distances for at least one node.
2025-05-21 09:57:34,544 - WARNING - Could not find closest bombsite distances for at least one node.
2025-05-21 09:57:34,544 - WARNING - Could not find closest bombsite distances for at least one node.
2025-05-21 09:57:36,501 - WARNING - Could not find closest bombsite distances for at least one node.
2025-05-21 09:57:36,501 - WARNING - Could not find closest bombsite distances for at least one node.
2025-05-21 09:57:38,407 - WARNING - Could not find closest bombsite distances for at least one node.
2025-05-21 09:57:38,407 - WARNING - Could not find closest bombsite distances for at least one node.
2025-05-21 09:57:40,326 - WARNING - Could not find closest bombsite distances for at least one node.
2025-05-21 09:57:40,326 - WARNING - Could not find closest bombsite distances for at least one node.
2025-05-21 09:57:42,222 - WARNING - Could not find closest bombsite distances for at least one node.
2025-05-21 09:57:42,222 - WARNING - Could not find closest bombsite distances for at least one node.
2025-05-21 09:57:44,142 - WARNING - Could not find closest bombsite distances for at least one node.
2025-05-21 09:57:44,142 - WARNING - Could not find closest bombsite distances for at least one node.
2025-05-21 09:57:46,054 - WARNING - Could not find closest bombsite distances for at least one node.
2025-05-21 09:57:46,055 - WARNING - Could not find closest bombsite distances for at least one node.
2025-05-21 09:57:51,162 - WARNING - Could not find closest bombsite distances for at least one node.
2025-05-21 09:57:51,163 - WARNING - Could not find closest bombsite distances for at least one node.
2025-05-21 09:57:53,136 - WARNING - Could not find closest bombsite distances for at least one node.
2025-05-21 09:57:53,137 - WARNING - Could not find closest bombsite distances for at least one node.
2025-05-21 09:57:55,035 - WARNING - Could not find closest bombsite distances for at least one node.
2025-05-21 09:57:55,036 - WARNING - Could not find closest bombsite distances for at least one node.
2025-05-21 09:57:56,977 - WARNING - Could not find closest bombsite distances for at least one node.
2025-05-21 09:57:56,978 - WARNING - Could not find closest bombsite distances for at least one node.
2025-05-21 09:57:58,877 - WARNING - Could not find closest bombsite distances for at least one node.
2025-05-21 09:57:58,877 - WARNING - Could not find closest bombsite distances for at least one node.
2025-05-21 09:58:00,802 - WARNING - Could not find closest bombsite distances for at least one node.
2025-05-21 09:58:00,802 - WARNING - Could not find closest bombsite distances for at least one node.
2025-05-21 09:58:02,645 - WARNING - Could not find closest bombsite distances for at least one node.
2025-05-21 09:58:02,645 - WARNING - Could not find closest bombsite distances for at least one node.
2025-05-21 09:58:04,593 - WARNING - Could not find closest bombsite distances for at least one node.
2025-05-21 09:58:04,593 - WARNING - Could not find closest bombsite distances for at least one node.
2025-05-21 09:58:07,189 - WARNING - Could not find closest bombsite distances for at least one node.
2025-05-21 09:58:07,190 - WARNING - Could not find closest bombsite distances for at least one node.
2025-05-21 09:58:07,190 - WARNING - Could not find closest bombsite distances for at least one node.
2025-05-21 09:58:07,190 - WARNING - Could not find closest bombsite distances for at least one node.
2025-05-21 09:58:07,190 - WARNING - Could not find closest bombsite distances for at least one node.
2025-05-21 09:58:07,190 - WARNING - Could not find closest bombsite distances for at least one node.
2025-05-21 09:58:09,117 - WARNING - Could not find closest bombsite distances for at least one node.
2025-05-21 09:58:09,117 - WARNING - Could not find closest bombsite distances for at least one node.
2025-05-21 09:58:10,993 - WARNING - Could not find closest bombsite distances for at least one node.
2025-05-21 09:58:10,993 - WARNING - Could not find closest bombsite distances for at least one node.
2025-05-21 09:58:13,248 - WARNING - Could not find closest bombsite distances for at least one node.
2025-05-21 09:58:13,248 - WARNING - Could not find closest bombsite distances for at least one node.
2025-05-21 09:58:13,248 - WARNING - Could not find closest bombsite distances for at least one node.
2025-05-21 09:58:13,248 - WARNING - Could not find closest bombsite distances for at least one node.
2025-05-21 09:58:15,609 - WARNING - Could not find closest bombsite distances for at least one node.
2025-05-21 09:58:15,610 - WARNING - Could not find closest bombsite distances for at least one node.
2025-05-21 09:58:15,610 - WARNING - Could not find closest bombsite distances for at least one node.
2025-05-21 09:58:15,610 - WARNING - Could not find closest bombsite distances for at least one node.
2025-05-21 09:58:17,910 - WARNING - Could not find closest bombsite distances for at least one node.
2025-05-21 09:58:17,910 - WARNING - Could not find closest bombsite distances for at least one node.
2025-05-21 09:58:17,910 - WARNING - Could not find closest bombsite distances for at least one node.
2025-05-21 09:58:17,910 - WARNING - Could not find closest bombsite distances for at least one node.
2025-05-21 09:58:20,200 - WARNING - Could not find closest bombsite distances for at least one node.
2025-05-21 09:58:20,200 - WARNING - Could not find closest bombsite distances for at least one node.
2025-05-21 09:58:20,200 - WARNING - Could not find closest bombsite distances for at least one node.
2025-05-21 09:58:20,200 - WARNING - Could not find closest bombsite distances for at least one node.
2025-05-21 09:58:33,932 - WARNING - Could not find closest bombsite distances for at least one node.
2025-05-21 09:58:33,932 - WARNING - Could not find closest bombsite distances for at least one node.
2025-05-21 09:58:37,013 - WARNING - Could not find closest bombsite distances for at least one node.
2025-05-21 09:58:37,013 - WARNING - Could not find closest bombsite distances for at least one node.
2025-05-21 09:58:37,013 - WARNING - Could not find closest bombsite distances for at least one node.
2025-05-21 09:58:37,013 - WARNING - Could not find closest bombsite distances for at least one node.
2025-05-21 09:58:37,013 - WARNING - Could not find closest bombsite distances for at least one node.
2025-05-21 09:58:37,013 - WARNING - Could not find closest bombsite distances for at least one node.
2025-05-21 09:58:39,311 - WARNING - Could not find closest bombsite distances for at least one node.
2025-05-21 09:58:39,311 - WARNING - Could not find closest bombsite distances for at least one node.
2025-05-21 09:58:39,311 - WARNING - Could not find closest bombsite distances for at least one node.
2025-05-21 09:58:39,311 - WARNING - Could not find closest bombsite distances for at least one node.
2025-05-21 09:58:41,552 - WARNING - Could not find closest bombsite distances for at least one node.
2025-05-21 09:58:41,552 - WARNING - Could not find closest bombsite distances for at least one node.
2025-05-21 09:58:41,552 - WARNING - Could not find closest bombsite distances for at least one node.
2025-05-21 09:58:41,552 - WARNING - Could not find closest bombsite distances for at least one node.
2025-05-21 09:58:48,793 - WARNING - Could not find closest bombsite distances for at least one node.
2025-05-21 09:58:48,793 - WARNING - Could not find closest bombsite distances for at least one node.
2025-05-21 09:58:50,514 - WARNING - Could not find closest bombsite distances for at least one node.
2025-05-21 09:58:50,514 - WARNING - Could not find closest bombsite distances for at least one node.
2025-05-21 09:59:01,304 - WARNING - Could not find closest bombsite distances for at least one node.
2025-05-21 09:59:01,305 - WARNING - Could not find closest bombsite distances for at least one node.
2025-05-21 09:59:03,053 - WARNING - Could not find closest bombsite distances for at least one node.
2025-05-21 09:59:03,054 - WARNING - Could not find closest bombsite distances for at least one node.
2025-05-21 09:59:04,824 - WARNING - Could not find closest bombsite distances for at least one node.
2025-05-21 09:59:04,824 - WARNING - Could not find closest bombsite distances for at least one node.
2025-05-21 09:59:07,091 - WARNING - Could not find closest bombsite distances for at least one node.
2025-05-21 09:59:07,092 - WARNING - Could not find closest bombsite distances for at least one node.
2025-05-21 09:59:07,092 - WARNING - Could not find closest bombsite distances for at least one node.
2025-05-21 09:59:07,092 - WARNING - Could not find closest bombsite distances for at least one node.
2025-05-21 09:59:08,831 - WARNING - Could not find closest bombsite distances for at least one node.
2025-05-21 09:59:08,831 - WARNING - Could not find closest bombsite distances for at least one node.
2025-05-21 09:59:10,489 - WARNING - Could not find closest bombsite distances for at least one node.
2025-05-21 09:59:10,489 - WARNING - Could not find closest bombsite distances for at least one node.
2025-05-21 09:59:12,167 - WARNING - Could not find closest bombsite distances for at least one node.
2025-05-21 09:59:12,167 - WARNING - Could not find closest bombsite distances for at least one node.
2025-05-21 09:59:14,405 - WARNING - Could not find closest bombsite distances for at least one node.
2025-05-21 09:59:14,406 - WARNING - Could not find closest bombsite distances for at least one node.
2025-05-21 09:59:14,406 - WARNING - Could not find closest bombsite distances for at least one node.
2025-05-21 09:59:14,406 - WARNING - Could not find closest bombsite distances for at least one node.
2025-05-21 09:59:16,504 - WARNING - Could not find closest bombsite distances for at least one node.
2025-05-21 09:59:16,504 - WARNING - Could not find closest bombsite distances for at least one node.
2025-05-21 09:59:16,504 - WARNING - Could not find closest bombsite distances for at least one node.
2025-05-21 09:59:16,504 - WARNING - Could not find closest bombsite distances for at least one node.
2025-05-21 09:59:18,726 - WARNING - Could not find closest bombsite distances for at least one node.
2025-05-21 09:59:18,726 - WARNING - Could not find closest bombsite distances for at least one node.
2025-05-21 09:59:18,726 - WARNING - Could not find closest bombsite distances for at least one node.
2025-05-21 09:59:18,726 - WARNING - Could not find closest bombsite distances for at least one node.
2025-05-21 09:59:21,173 - WARNING - Could not find closest bombsite distances for at least one node.
2025-05-21 09:59:21,173 - WARNING - Could not find closest bombsite distances for at least one node.
2025-05-21 09:59:21,173 - WARNING - Could not find closest bombsite distances for at least one node.
2025-05-21 09:59:21,173 - WARNING - Could not find closest bombsite distances for at least one node.
2025-05-21 09:59:23,212 - WARNING - Could not find closest bombsite distances for at least one node.
2025-05-21 09:59:23,212 - WARNING - Could not find closest bombsite distances for at least one node.
2025-05-21 09:59:25,243 - WARNING - Could not find closest bombsite distances for at least one node.
2025-05-21 09:59:25,243 - WARNING - Could not find closest bombsite distances for at least one node.
2025-05-21 09:59:38,586 - WARNING - Could not find closest bombsite distances for at least one node.
2025-05-21 09:59:38,588 - WARNING - Could not find closest bombsite distances for at least one node.
2025-05-21 09:59:51,522 - WARNING - Could not find closest bombsite distances for at least one node.
2025-05-21 09:59:51,523 - WARNING - Could not find closest bombsite distances for at least one node.
2025-05-21 09:59:54,822 - WARNING - Could not find closest bombsite distances for at least one node.
2025-05-21 09:59:54,822 - WARNING - Could not find closest bombsite distances for at least one node.
2025-05-21 10:00:02,223 - WARNING - Could not find closest bombsite distances for at least one node.
2025-05-21 10:00:02,224 - WARNING - Could not find closest bombsite distances for at least one node.
2025-05-21 10:00:55,503 - WARNING - Could not find closest bombsite distances for at least one node.
2025-05-21 10:00:55,504 - WARNING - Could not find closest bombsite distances for at least one node.
2025-05-21 10:01:21,176 - INFO - 234 graphs written to file.
2025-05-21 10:01:21,176 - INFO - Converting round 5 to file /Users/home/Desktop/University/MOD12/git/research-project/research_project/src/../graphs/00e7fec9-cee0-430f-80f4-6b50443ceacd/graph-rounds-5.pkl.
2025-05-21 10:01:29,902 - WARNING - Could not find closest bombsite distances for at least one node.
2025-05-21 10:01:29,904 - WARNING - Could not find closest bombsite distances for at least one node.
2025-05-21 10:01:29,904 - WARNING - Could not find closest bombsite distances for at least one node.
2025-05-21 10:01:29,904 - WARNING - Could not find closest bombsite distances for at least one node.
2025-05-21 10:01:29,904 - WARNING - Could not find closest bombsite distances for at least one node.
2025-05-21 10:01:29,904 - WARNING - Could not find closest bombsite distances for at least one node.
2025-05-21 10:01:32,602 - WARNING - Could not find closest bombsite distances for at least one node.
2025-05-21 10:01:32,602 - WARNING - Could not find closest bombsite distances for at least one node.
2025-05-21 10:01:32,602 - WARNING - Could not find closest bombsite distances for at least one node.
2025-05-21 10:01:32,602 - WARNING - Could not find closest bombsite distances for at least one node.
2025-05-21 10:01:42,534 - WARNING - Could not find closest bombsite distances for at least one node.
2025-05-21 10:01:42,534 - WARNING - Could not find closest bombsite distances for at least one node.
2025-05-21 10:02:47,698 - WARNING - Could not find closest bombsite distances for at least one node.
2025-05-21 10:02:47,700 - WARNING - Could not find closest bombsite distances for at least one node.
2025-05-21 10:02:47,700 - WARNING - Could not find closest bombsite distances for at least one node.
2025-05-21 10:02:47,700 - WARNING - Could not find closest bombsite distances for at least one node.
2025-05-21 10:02:49,980 - WARNING - Could not find closest bombsite distances for at least one node.
2025-05-21 10:02:49,980 - WARNING - Could not find closest bombsite distances for at least one node.
2025-05-21 10:02:49,980 - WARNING - Could not find closest bombsite distances for at least one node.
2025-05-21 10:02:49,980 - WARNING - Could not find closest bombsite distances for at least one node.
2025-05-21 10:03:27,959 - WARNING - Could not find closest bombsite distances for at least one node.
2025-05-21 10:03:27,960 - WARNING - Could not find closest bombsite distances for at least one node.
2025-05-21 10:03:30,038 - WARNING - Could not find closest bombsite distances for at least one node.
2025-05-21 10:03:30,038 - WARNING - Could not find closest bombsite distances for at least one node.
2025-05-21 10:03:32,296 - WARNING - Could not find closest bombsite distances for at least one node.
2025-05-21 10:03:32,296 - WARNING - Could not find closest bombsite distances for at least one node.
2025-05-21 10:03:34,033 - WARNING - Could not find closest bombsite distances for at least one node.
2025-05-21 10:03:34,033 - WARNING - Could not find closest bombsite distances for at least one node.
2025-05-21 10:03:35,815 - WARNING - Could not find closest bombsite distances for at least one node.
2025-05-21 10:03:35,815 - WARNING - Could not find closest bombsite distances for at least one node.
2025-05-21 10:03:37,698 - WARNING - Could not find closest bombsite distances for at least one node.
2025-05-21 10:03:37,698 - WARNING - Could not find closest bombsite distances for at least one node.
2025-05-21 10:03:39,482 - WARNING - Could not find closest bombsite distances for at least one node.
2025-05-21 10:03:39,482 - WARNING - Could not find closest bombsite distances for at least one node.
2025-05-21 10:03:41,989 - WARNING - Could not find closest bombsite distances for at least one node.
2025-05-21 10:03:41,989 - WARNING - Could not find closest bombsite distances for at least one node.
2025-05-21 10:03:43,869 - WARNING - Could not find closest bombsite distances for at least one node.
2025-05-21 10:03:43,869 - WARNING - Could not find closest bombsite distances for at least one node.
2025-05-21 10:03:45,757 - WARNING - Could not find closest bombsite distances for at least one node.
2025-05-21 10:03:45,758 - WARNING - Could not find closest bombsite distances for at least one node.
2025-05-21 10:03:47,494 - WARNING - Could not find closest bombsite distances for at least one node.
2025-05-21 10:03:47,494 - WARNING - Could not find closest bombsite distances for at least one node.
2025-05-21 10:03:49,321 - WARNING - Could not find closest bombsite distances for at least one node.
2025-05-21 10:03:49,321 - WARNING - Could not find closest bombsite distances for at least one node.
2025-05-21 10:03:51,088 - WARNING - Could not find closest bombsite distances for at least one node.
2025-05-21 10:03:51,088 - WARNING - Could not find closest bombsite distances for at least one node.
2025-05-21 10:03:53,106 - WARNING - Could not find closest bombsite distances for at least one node.
2025-05-21 10:03:53,106 - WARNING - Could not find closest bombsite distances for at least one node.
2025-05-21 10:03:54,919 - WARNING - Could not find closest bombsite distances for at least one node.
2025-05-21 10:03:54,919 - WARNING - Could not find closest bombsite distances for at least one node.
2025-05-21 10:03:56,753 - WARNING - Could not find closest bombsite distances for at least one node.
2025-05-21 10:03:56,754 - WARNING - Could not find closest bombsite distances for at least one node.
2025-05-21 10:05:08,480 - WARNING - Could not find closest bombsite distances for at least one node.
2025-05-21 10:05:08,481 - WARNING - Could not find closest bombsite distances for at least one node.
2025-05-21 10:05:26,833 - WARNING - Could not find closest bombsite distances for at least one node.
2025-05-21 10:05:26,834 - WARNING - Could not find closest bombsite distances for at least one node.
2025-05-21 10:05:28,424 - WARNING - Could not find closest bombsite distances for at least one node.
2025-05-21 10:05:28,424 - WARNING - Could not find closest bombsite distances for at least one node.
2025-05-21 10:05:42,396 - WARNING - Could not find closest bombsite distances for at least one node.
2025-05-21 10:05:42,396 - WARNING - Could not find closest bombsite distances for at least one node.
2025-05-21 10:05:47,288 - WARNING - Could not find closest bombsite distances for at least one node.
2025-05-21 10:05:47,288 - WARNING - Could not find closest bombsite distances for at least one node.
2025-05-21 10:05:52,709 - WARNING - Could not find closest bombsite distances for at least one node.
2025-05-21 10:05:52,709 - WARNING - Could not find closest bombsite distances for at least one node.
2025-05-21 10:05:52,709 - WARNING - Could not find closest bombsite distances for at least one node.
2025-05-21 10:05:52,709 - WARNING - Could not find closest bombsite distances for at least one node.
2025-05-21 10:05:54,314 - WARNING - Could not find closest bombsite distances for at least one node.
2025-05-21 10:05:54,314 - WARNING - Could not find closest bombsite distances for at least one node.
2025-05-21 10:06:12,127 - WARNING - Could not find closest bombsite distances for at least one node.
2025-05-21 10:06:12,127 - WARNING - Could not find closest bombsite distances for at least one node.
2025-05-21 10:06:15,471 - WARNING - Could not find closest bombsite distances for at least one node.
2025-05-21 10:06:15,471 - WARNING - Could not find closest bombsite distances for at least one node.
2025-05-21 10:06:18,726 - INFO - 203 graphs written to file.
2025-05-21 10:06:18,726 - INFO - Converting round 6 to file /Users/home/Desktop/University/MOD12/git/research-project/research_project/src/../graphs/00e7fec9-cee0-430f-80f4-6b50443ceacd/graph-rounds-6.pkl.
2025-05-21 10:06:32,570 - WARNING - Could not find closest bombsite distances for at least one node.
2025-05-21 10:06:32,571 - WARNING - Could not find closest bombsite distances for at least one node.
2025-05-21 10:06:35,209 - WARNING - Could not find closest bombsite distances for at least one node.
2025-05-21 10:06:35,209 - WARNING - Could not find closest bombsite distances for at least one node.
2025-05-21 10:06:35,209 - WARNING - Could not find closest bombsite distances for at least one node.
2025-05-21 10:06:35,209 - WARNING - Could not find closest bombsite distances for at least one node.
2025-05-21 10:06:37,428 - WARNING - Could not find closest bombsite distances for at least one node.
2025-05-21 10:06:37,428 - WARNING - Could not find closest bombsite distances for at least one node.
2025-05-21 10:06:39,635 - WARNING - Could not find closest bombsite distances for at least one node.
2025-05-21 10:06:39,635 - WARNING - Could not find closest bombsite distances for at least one node.
2025-05-21 10:07:17,491 - WARNING - Could not find closest bombsite distances for at least one node.
2025-05-21 10:07:17,491 - WARNING - Could not find closest bombsite distances for at least one node.
2025-05-21 10:07:17,491 - WARNING - Could not find closest bombsite distances for at least one node.
2025-05-21 10:07:17,491 - WARNING - Could not find closest bombsite distances for at least one node.
2025-05-21 10:07:20,024 - WARNING - Could not find closest bombsite distances for at least one node.
2025-05-21 10:07:20,024 - WARNING - Could not find closest bombsite distances for at least one node.
2025-05-21 10:07:20,024 - WARNING - Could not find closest bombsite distances for at least one node.
2025-05-21 10:07:20,024 - WARNING - Could not find closest bombsite distances for at least one node.
2025-05-21 10:07:22,559 - WARNING - Could not find closest bombsite distances for at least one node.
2025-05-21 10:07:22,559 - WARNING - Could not find closest bombsite distances for at least one node.
2025-05-21 10:07:22,559 - WARNING - Could not find closest bombsite distances for at least one node.
2025-05-21 10:07:22,559 - WARNING - Could not find closest bombsite distances for at least one node.
2025-05-21 10:07:24,866 - WARNING - Could not find closest bombsite distances for at least one node.
2025-05-21 10:07:24,866 - WARNING - Could not find closest bombsite distances for at least one node.
2025-05-21 10:07:24,866 - WARNING - Could not find closest bombsite distances for at least one node.
2025-05-21 10:07:24,866 - WARNING - Could not find closest bombsite distances for at least one node.
2025-05-21 10:07:27,175 - WARNING - Could not find closest bombsite distances for at least one node.
2025-05-21 10:07:27,175 - WARNING - Could not find closest bombsite distances for at least one node.
2025-05-21 10:07:27,175 - WARNING - Could not find closest bombsite distances for at least one node.
2025-05-21 10:07:27,175 - WARNING - Could not find closest bombsite distances for at least one node.
2025-05-21 10:07:48,050 - WARNING - Could not find closest bombsite distances for at least one node.
2025-05-21 10:07:48,051 - WARNING - Could not find closest bombsite distances for at least one node.
2025-05-21 10:07:51,353 - WARNING - Could not find closest bombsite distances for at least one node.
2025-05-21 10:07:51,353 - WARNING - Could not find closest bombsite distances for at least one node.
2025-05-21 10:08:55,926 - WARNING - Could not find closest bombsite distances for at least one node.
2025-05-21 10:08:55,926 - WARNING - Could not find closest bombsite distances for at least one node.
2025-05-21 10:08:55,926 - WARNING - Could not find closest bombsite distances for at least one node.
2025-05-21 10:08:55,926 - WARNING - Could not find closest bombsite distances for at least one node.
2025-05-21 10:08:58,015 - WARNING - Could not find closest bombsite distances for at least one node.
2025-05-21 10:08:58,015 - WARNING - Could not find closest bombsite distances for at least one node.
2025-05-21 10:08:58,015 - WARNING - Could not find closest bombsite distances for at least one node.
2025-05-21 10:08:58,015 - WARNING - Could not find closest bombsite distances for at least one node.
2025-05-21 10:09:00,093 - WARNING - Could not find closest bombsite distances for at least one node.
2025-05-21 10:09:00,093 - WARNING - Could not find closest bombsite distances for at least one node.
2025-05-21 10:09:00,093 - WARNING - Could not find closest bombsite distances for at least one node.
2025-05-21 10:09:00,093 - WARNING - Could not find closest bombsite distances for at least one node.
2025-05-21 10:09:02,154 - WARNING - Could not find closest bombsite distances for at least one node.
2025-05-21 10:09:02,154 - WARNING - Could not find closest bombsite distances for at least one node.
2025-05-21 10:09:02,154 - WARNING - Could not find closest bombsite distances for at least one node.
2025-05-21 10:09:02,154 - WARNING - Could not find closest bombsite distances for at least one node.
2025-05-21 10:09:04,224 - WARNING - Could not find closest bombsite distances for at least one node.
2025-05-21 10:09:04,225 - WARNING - Could not find closest bombsite distances for at least one node.
2025-05-21 10:09:04,225 - WARNING - Could not find closest bombsite distances for at least one node.
2025-05-21 10:09:04,225 - WARNING - Could not find closest bombsite distances for at least one node.
2025-05-21 10:09:46,905 - WARNING - Could not find closest bombsite distances for at least one node.
2025-05-21 10:09:46,906 - WARNING - Could not find closest bombsite distances for at least one node.
2025-05-21 10:10:59,957 - INFO - 214 graphs written to file.
2025-05-21 10:10:59,958 - INFO - Converting round 7 to file /Users/home/Desktop/University/MOD12/git/research-project/research_project/src/../graphs/00e7fec9-cee0-430f-80f4-6b50443ceacd/graph-rounds-7.pkl.
2025-05-21 10:11:06,630 - WARNING - Could not find closest bombsite distances for at least one node.
2025-05-21 10:11:06,631 - WARNING - Could not find closest bombsite distances for at least one node.
2025-05-21 10:11:09,291 - WARNING - Could not find closest bombsite distances for at least one node.
2025-05-21 10:11:09,291 - WARNING - Could not find closest bombsite distances for at least one node.
2025-05-21 10:11:09,291 - WARNING - Could not find closest bombsite distances for at least one node.
2025-05-21 10:11:09,291 - WARNING - Could not find closest bombsite distances for at least one node.
2025-05-21 10:11:11,488 - WARNING - Could not find closest bombsite distances for at least one node.
2025-05-21 10:11:11,489 - WARNING - Could not find closest bombsite distances for at least one node.
2025-05-21 10:11:30,344 - WARNING - Could not find closest bombsite distances for at least one node.
2025-05-21 10:11:30,344 - WARNING - Could not find closest bombsite distances for at least one node.
